-------------------------------------------------------------------------------
Test set: com.music.bcmusic.BcmusicApplicationTests
-------------------------------------------------------------------------------
Tests run: 1, Failures: 0, Errors: 1, Skipped: 0, Time elapsed: 1.555 s <<< FAILURE! - in com.music.bcmusic.BcmusicApplicationTests
contextLoads  Time elapsed: 0.002 s  <<< ERROR!
java.lang.IllegalStateException: Failed to load ApplicationContext
Caused by: org.springframework.beans.factory.UnsatisfiedDependencyException: Error creating bean with name 'orderCartMapper' defined in file [D:\mean\bcmusic\target\classes\com\music\bcmusic\dao\OrderCartMapper.class]: Unsatisfied dependency expressed through bean property 'sqlSessionFactory'; nested exception is org.springframework.beans.factory.BeanCreationException: Error creating bean with name 'sqlSessionFactory' defined in class path resource [com/music/bcmusic/config/SqlSessionFacoryConfiguration.class]: Bean instantiation via factory method failed; nested exception is org.springframework.beans.BeanInstantiationException: Failed to instantiate [org.mybatis.spring.SqlSessionFactoryBean]: Factory method 'creatSqlSessionFactory' threw exception; nested exception is java.io.FileNotFoundException: class path resource [mapper/] cannot be resolved to URL because it does not exist
Caused by: org.springframework.beans.factory.BeanCreationException: Error creating bean with name 'sqlSessionFactory' defined in class path resource [com/music/bcmusic/config/SqlSessionFacoryConfiguration.class]: Bean instantiation via factory method failed; nested exception is org.springframework.beans.BeanInstantiationException: Failed to instantiate [org.mybatis.spring.SqlSessionFactoryBean]: Factory method 'creatSqlSessionFactory' threw exception; nested exception is java.io.FileNotFoundException: class path resource [mapper/] cannot be resolved to URL because it does not exist
Caused by: org.springframework.beans.BeanInstantiationException: Failed to instantiate [org.mybatis.spring.SqlSessionFactoryBean]: Factory method 'creatSqlSessionFactory' threw exception; nested exception is java.io.FileNotFoundException: class path resource [mapper/] cannot be resolved to URL because it does not exist
Caused by: java.io.FileNotFoundException: class path resource [mapper/] cannot be resolved to URL because it does not exist

